<?xml version="1.0" encoding="UTF-8"?>
<!-- Generated by org.testng.reporters.JUnitReportReporter -->
<testsuite skipped="0" hostname="LAPTOP-QS2T60H5" name="MvnTestPackage.SeleniumTest" tests="4" failures="0" timestamp="2021-02-11T21:37:18 EST" time="0.000" errors="0">
  <testcase name="webTestTwo" time="0.000" classname="MvnTestPackage.SeleniumTest"/>
  <system-out/>
  <testcase name="webTest" time="0.000" classname="MvnTestPackage.SeleniumTest"/>
  <system-out/>
  <testcase name="uiTest" time="0.000" classname="MvnTestPackage.SeleniumTest"/>
  <system-out/>
  <testcase name="webTestOne" time="0.000" classname="MvnTestPackage.SeleniumTest"/>
  <system-out/>
</testsuite> <!-- MvnTestPackage.SeleniumTest -->
