<?xml version="1.0" encoding="UTF-8"?>
<!-- Generated by org.testng.reporters.JUnitReportReporter -->
<testsuite skipped="0" hostname="LAPTOP-QS2T60H5" name="MvnTestPackage.AppiumTest" tests="2" failures="0" timestamp="2021-02-11T21:37:18 EST" time="0.000" errors="0">
  <testcase name="mobileTest" time="0.000" classname="MvnTestPackage.AppiumTest"/>
  <system-out/>
  <testcase name="androidTest" time="0.000" classname="MvnTestPackage.AppiumTest"/>
  <system-out/>
</testsuite> <!-- MvnTestPackage.AppiumTest -->
